\BOOKMARK [1][-]{section.1}{\376\377\000I\000n\000t\000r\000o\000d\000u\000c\000t\000i\000o\000n}{}% 1
\BOOKMARK [1][-]{section.2}{\376\377\000B\000a\000c\000k\000g\000r\000o\000u\000n\000d}{}% 2
\BOOKMARK [2][-]{subsection.2.1}{\376\377\000M\000e\000t\000r\000o\000\040\000T\000r\000a\000n\000s\000i\000t}{section.2}% 3
\BOOKMARK [2][-]{subsection.2.2}{\376\377\000T\000r\000a\000n\000s\000i\000t\000\040\000M\000a\000r\000k\000e\000t\000\040\000A\000r\000e\000a\000s}{section.2}% 4
\BOOKMARK [1][-]{section.3}{\376\377\000D\000a\000t\000a}{}% 5
\BOOKMARK [2][-]{subsection.3.1}{\376\377\000M\000e\000t\000r\000o\000\040\000T\000r\000a\000n\000s\000i\000t\000\040\000D\000a\000t\000a}{section.3}% 6
\BOOKMARK [3][-]{subsubsection.3.1.1}{\376\377\000D\000a\000t\000a\000\040\000I\000n\000t\000e\000r\000p\000o\000l\000a\000t\000i\000o\000n}{subsection.3.1}% 7
\BOOKMARK [3][-]{subsubsection.3.1.2}{\376\377\000D\000a\000t\000a\000\040\000A\000g\000g\000r\000e\000g\000a\000t\000i\000o\000n}{subsection.3.1}% 8
\BOOKMARK [2][-]{subsection.3.2}{\376\377\000O\000t\000h\000e\000r\000\040\000d\000a\000t\000a\000\040\000s\000o\000u\000r\000c\000e\000s}{section.3}% 9
\BOOKMARK [1][-]{section.4}{\376\377\000M\000o\000d\000e\000l\000s}{}% 10
\BOOKMARK [2][-]{subsection.4.1}{\376\377\000S\000t\000a\000n}{section.4}% 11
\BOOKMARK [2][-]{subsection.4.2}{\376\377\000P\000o\000i\000s\000s\000o\000n\000\040\000R\000e\000g\000r\000e\000s\000s\000i\000o\000n}{section.4}% 12
\BOOKMARK [3][-]{subsubsection.4.2.1}{\376\377\000M\000o\000d\000e\000l\000\040\0001}{subsection.4.2}% 13
\BOOKMARK [2][-]{subsection.4.3}{\376\377\000O\000v\000e\000r\000d\000i\000s\000p\000e\000r\000s\000e\000d\000\040\000P\000o\000i\000s\000s\000o\000n\000\040\000R\000e\000g\000r\000e\000s\000s\000i\000o\000n}{section.4}% 14
\BOOKMARK [3][-]{subsubsection.4.3.1}{\376\377\000M\000o\000d\000e\000l\000\040\0002}{subsection.4.3}% 15
\BOOKMARK [2][-]{subsection.4.4}{\376\377\000H\000o\000r\000s\000e\000s\000h\000o\000e\000\040\000P\000r\000i\000o\000r\000s\000\040\000a\000n\000d\000\040\000V\000a\000r\000i\000a\000b\000l\000e\000\040\000S\000e\000l\000e\000c\000t\000i\000o\000n}{section.4}% 16
\BOOKMARK [3][-]{subsubsection.4.4.1}{\376\377\000S\000p\000i\000k\000e\000\040\000a\000n\000d\000\040\000S\000l\000a\000b\000\040\000-\000\040\000n\000e\000e\000d\000s\000\040\000g\000r\000a\000p\000h\000i\000c\000s}{subsection.4.4}% 17
\BOOKMARK [3][-]{subsubsection.4.4.2}{\376\377\000H\000o\000r\000s\000e\000s\000h\000o\000e\000\040\000-\000\040\000n\000e\000e\000d\000s\000\040\000g\000r\000a\000p\000h\000i\000c\000s}{subsection.4.4}% 18
\BOOKMARK [3][-]{subsubsection.4.4.3}{\376\377\000R\000e\000g\000u\000l\000a\000r\000i\000z\000e\000d\000\040\000H\000o\000r\000s\000e\000s\000h\000o\000e\000\040\000-\000\040\000n\000e\000e\000d\000s\000\040\000g\000r\000a\000p\000h\000i\000c\000s}{subsection.4.4}% 19
\BOOKMARK [3][-]{subsubsection.4.4.4}{\376\377\000M\000o\000d\000e\000l\000\040\0003}{subsection.4.4}% 20
\BOOKMARK [2][-]{subsection.4.5}{\376\377\000A\000d\000d\000i\000n\000g\000\040\000S\000p\000a\000t\000i\000a\000l\000\040\000S\000t\000r\000u\000c\000t\000u\000r\000e}{section.4}% 21
\BOOKMARK [3][-]{subsubsection.4.5.1}{\376\377\000C\000o\000n\000d\000i\000t\000i\000o\000n\000a\000l\000\040\000A\000u\000t\000o\000r\000e\000g\000r\000e\000s\000s\000i\000v\000e\000\040\000P\000r\000i\000o\000r\000s}{subsection.4.5}% 22
\BOOKMARK [3][-]{subsubsection.4.5.2}{\376\377\000I\000n\000t\000r\000i\000n\000s\000i\000c\000\040\000C\000o\000n\000d\000i\000t\000i\000o\000n\000a\000l\000\040\000A\000u\000t\000o\000r\000e\000g\000r\000e\000s\000s\000i\000v\000e}{subsection.4.5}% 23
\BOOKMARK [3][-]{subsubsection.4.5.3}{\376\377\000B\000e\000s\000a\000g\000-\000Y\000o\000r\000k\000-\000M\000o\000l\000l\000i\000e\000\040\000\050\000B\000Y\000M\000\051}{subsection.4.5}% 24
\BOOKMARK [3][-]{subsubsection.4.5.4}{\376\377\000B\000Y\000M\0002}{subsection.4.5}% 25
\BOOKMARK [3][-]{subsubsection.4.5.5}{\376\377\000M\000o\000d\000e\000l\000\040\0004}{subsection.4.5}% 26
\BOOKMARK [3][-]{subsubsection.4.5.6}{\376\377\000M\000o\000d\000e\000l\000\040\0005}{subsection.4.5}% 27
\BOOKMARK [1][-]{section.5}{\376\377\000R\000e\000s\000u\000l\000t\000s}{}% 28
\BOOKMARK [1][-]{section.6}{\376\377\000D\000i\000s\000c\000u\000s\000s\000i\000o\000n}{}% 29
\BOOKMARK [1][-]{section.7}{\376\377\000A\000p\000p\000e\000n\000d\000i\000x}{}% 30
\BOOKMARK [2][-]{subsection.7.1}{\376\377\000M\000o\000d\000e\000l\000\040\0001}{section.7}% 31
\BOOKMARK [2][-]{subsection.7.2}{\376\377\000M\000o\000d\000e\000l\000\040\0002}{section.7}% 32
\BOOKMARK [2][-]{subsection.7.3}{\376\377\000M\000o\000d\000e\000l\000\040\0003}{section.7}% 33
\BOOKMARK [2][-]{subsection.7.4}{\376\377\000M\000o\000d\000e\000l\000\040\0004}{section.7}% 34
\BOOKMARK [2][-]{subsection.7.5}{\376\377\000M\000o\000d\000e\000l\000\040\0005}{section.7}% 35
